  stdafx.cpp
  dllmain.cpp
  find_fish_position_dll.cpp
f:\trackingusingopencv3_with_bkg_subtr_and_pred_and_temp_matching_nodisplay\fish tracking dll vc17 opencv3_4\fish tracking dll vc17 opencv3_4\find_fish_position_dll.cpp(359): warning C4244: “初始化”: 从“double”转换到“int”，可能丢失数据
f:\trackingusingopencv3_with_bkg_subtr_and_pred_and_temp_matching_nodisplay\fish tracking dll vc17 opencv3_4\fish tracking dll vc17 opencv3_4\find_fish_position_dll.cpp(405): warning C4244: “=”: 从“double”转换到“float”，可能丢失数据
f:\trackingusingopencv3_with_bkg_subtr_and_pred_and_temp_matching_nodisplay\fish tracking dll vc17 opencv3_4\fish tracking dll vc17 opencv3_4\find_fish_position_dll.cpp(406): warning C4244: “=”: 从“double”转换到“float”，可能丢失数据
f:\trackingusingopencv3_with_bkg_subtr_and_pred_and_temp_matching_nodisplay\fish tracking dll vc17 opencv3_4\fish tracking dll vc17 opencv3_4\find_fish_position_dll.cpp(409): warning C4244: “=”: 从“float”转换到“_Tp”，可能丢失数据
          with
          [
              _Tp=int
          ]
f:\trackingusingopencv3_with_bkg_subtr_and_pred_and_temp_matching_nodisplay\fish tracking dll vc17 opencv3_4\fish tracking dll vc17 opencv3_4\find_fish_position_dll.cpp(410): warning C4244: “=”: 从“float”转换到“_Tp”，可能丢失数据
          with
          [
              _Tp=int
          ]
f:\trackingusingopencv3_with_bkg_subtr_and_pred_and_temp_matching_nodisplay\fish tracking dll vc17 opencv3_4\fish tracking dll vc17 opencv3_4\find_fish_position_dll.cpp(455): warning C4244: “参数”: 从“float”转换到“_Tp”，可能丢失数据
          with
          [
              _Tp=int
          ]
f:\trackingusingopencv3_with_bkg_subtr_and_pred_and_temp_matching_nodisplay\fish tracking dll vc17 opencv3_4\fish tracking dll vc17 opencv3_4\find_fish_position_dll.cpp(518): warning C4244: “=”: 从“double”转换到“_Tp”，可能丢失数据
          with
          [
              _Tp=int
          ]
f:\trackingusingopencv3_with_bkg_subtr_and_pred_and_temp_matching_nodisplay\fish tracking dll vc17 opencv3_4\fish tracking dll vc17 opencv3_4\find_fish_position_dll.cpp(519): warning C4244: “=”: 从“double”转换到“_Tp”，可能丢失数据
          with
          [
              _Tp=int
          ]
f:\trackingusingopencv3_with_bkg_subtr_and_pred_and_temp_matching_nodisplay\fish tracking dll vc17 opencv3_4\fish tracking dll vc17 opencv3_4\find_fish_position_dll.cpp(583): warning C4267: “=”: 从“size_t”转换到“int”，可能丢失数据
f:\trackingusingopencv3_with_bkg_subtr_and_pred_and_temp_matching_nodisplay\fish tracking dll vc17 opencv3_4\fish tracking dll vc17 opencv3_4\find_fish_position_dll.cpp(619): warning C4244: “=”: 从“float”转换到“int”，可能丢失数据
f:\trackingusingopencv3_with_bkg_subtr_and_pred_and_temp_matching_nodisplay\fish tracking dll vc17 opencv3_4\fish tracking dll vc17 opencv3_4\find_fish_position_dll.cpp(620): warning C4244: “=”: 从“float”转换到“int”，可能丢失数据
  正在生成代码...
    正在创建库 F:\TrackingUsingOpenCV3_with_bkg_subtr_and_pred_and_temp_matching_nodisplay\fish tracking dll vc17 opencv3_4\x64\Debug\fish tracking dll vc17 opencv3_4.lib 和对象 F:\TrackingUsingOpenCV3_with_bkg_subtr_and_pred_and_temp_matching_nodisplay\fish tracking dll vc17 opencv3_4\x64\Debug\fish tracking dll vc17 opencv3_4.exp
  fish tracking dll vc17 opencv3_4.vcxproj -> F:\TrackingUsingOpenCV3_with_bkg_subtr_and_pred_and_temp_matching_nodisplay\fish tracking dll vc17 opencv3_4\x64\Debug\fish tracking dll vc17 opencv3_4.dll
