E:\TrackingUsingOpenCV3_cymtest_with_bkg_subtraction_and_prediction_2\MPC_dll_4\MPC_dll\Release\cl.command.1.tlog
E:\TrackingUsingOpenCV3_cymtest_with_bkg_subtraction_and_prediction_2\MPC_dll_4\MPC_dll\Release\CL.read.1.tlog
E:\TrackingUsingOpenCV3_cymtest_with_bkg_subtraction_and_prediction_2\MPC_dll_4\MPC_dll\Release\CL.write.1.tlog
E:\TRACKINGUSINGOPENCV3_CYMTEST_WITH_BKG_SUBTRACTION_AND_PREDICTION_2\MPC_DLL_4\MPC_DLL\RELEASE\DLLMAIN.OBJ
E:\TrackingUsingOpenCV3_cymtest_with_bkg_subtraction_and_prediction_2\MPC_dll_4\MPC_dll\Release\link.command.1.tlog
E:\TrackingUsingOpenCV3_cymtest_with_bkg_subtraction_and_prediction_2\MPC_dll_4\MPC_dll\Release\link.read.1.tlog
E:\TrackingUsingOpenCV3_cymtest_with_bkg_subtraction_and_prediction_2\MPC_dll_4\MPC_dll\Release\link.write.1.tlog
E:\TRACKINGUSINGOPENCV3_CYMTEST_WITH_BKG_SUBTRACTION_AND_PREDICTION_2\MPC_DLL_4\MPC_DLL\RELEASE\MPC.OBJ
E:\TRACKINGUSINGOPENCV3_CYMTEST_WITH_BKG_SUBTRACTION_AND_PREDICTION_2\MPC_DLL_4\MPC_DLL\RELEASE\MPC_DLL.DLL.INTERMEDIATE.MANIFEST
E:\TRACKINGUSINGOPENCV3_CYMTEST_WITH_BKG_SUBTRACTION_AND_PREDICTION_2\MPC_DLL_4\MPC_DLL\RELEASE\MPC_DLL.OBJ
E:\TRACKINGUSINGOPENCV3_CYMTEST_WITH_BKG_SUBTRACTION_AND_PREDICTION_2\MPC_DLL_4\MPC_DLL\RELEASE\MPC_DLL.PCH
E:\TrackingUsingOpenCV3_cymtest_with_bkg_subtraction_and_prediction_2\MPC_dll_4\MPC_dll\Release\MPC_dll.vcxprojResolveAssemblyReference.cache
E:\TrackingUsingOpenCV3_cymtest_with_bkg_subtraction_and_prediction_2\MPC_dll_4\MPC_dll\Release\MPC_dll.write.1.tlog
E:\TrackingUsingOpenCV3_cymtest_with_bkg_subtraction_and_prediction_2\MPC_dll_4\MPC_dll\Release\mt.command.1.tlog
E:\TrackingUsingOpenCV3_cymtest_with_bkg_subtraction_and_prediction_2\MPC_dll_4\MPC_dll\Release\mt.read.1.tlog
E:\TrackingUsingOpenCV3_cymtest_with_bkg_subtraction_and_prediction_2\MPC_dll_4\MPC_dll\Release\mt.write.1.tlog
E:\TRACKINGUSINGOPENCV3_CYMTEST_WITH_BKG_SUBTRACTION_AND_PREDICTION_2\MPC_DLL_4\MPC_DLL\RELEASE\STDAFX.OBJ
E:\TRACKINGUSINGOPENCV3_CYMTEST_WITH_BKG_SUBTRACTION_AND_PREDICTION_2\MPC_DLL_4\MPC_DLL\RELEASE\VC100.PDB
E:\TRACKINGUSINGOPENCV3_CYMTEST_WITH_BKG_SUBTRACTION_AND_PREDICTION_2\MPC_DLL_4\RELEASE\MPC_DLL.DLL
E:\TrackingUsingOpenCV3_cymtest_with_bkg_subtraction_and_prediction_2\MPC_dll_4\Release\MPC_dll.exp
E:\TrackingUsingOpenCV3_cymtest_with_bkg_subtraction_and_prediction_2\MPC_dll_4\Release\MPC_dll.lib
E:\TRACKINGUSINGOPENCV3_CYMTEST_WITH_BKG_SUBTRACTION_AND_PREDICTION_2\MPC_DLL_4\RELEASE\MPC_DLL.PDB
