Build started 2018/6/25 15:52:13.
     1>Project "E:\TrackingUsingOpenCV3_cymtest_with_bkg_subtraction_and_prediction_2\MPC_dll_4\MPC_dll\MPC_dll.vcxproj" on node 2 (build target(s)).
     1>InitializeBuildStatus:
         Creating "Release\MPC_dll.unsuccessfulbuild" because "AlwaysCreate" was specified.
       ClCompile:
         C:\Program Files (x86)\Microsoft Visual Studio 10.0\VC\bin\CL.exe /c /I"C:\opencv3.1.0-vs2010-tbb\include" /Zi /nologo /W3 /WX- /O2 /Oi /Oy- /GL /D WIN32 /D NDEBUG /D _WINDOWS /D _USRDLL /D MPC_DLL_EXPORTS /D _WINDLL /D _UNICODE /D UNICODE /Gm- /EHsc /MD /GS /Gy /fp:precise /Zc:wchar_t /Zc:forScope /Yc"StdAfx.h" /Fp"Release\MPC_dll.pch" /Fo"Release\\" /Fd"Release\vc100.pdb" /Gd /TP /analyze- /errorReport:prompt stdafx.cpp
         stdafx.cpp
         C:\Program Files (x86)\Microsoft Visual Studio 10.0\VC\bin\CL.exe /c /I"C:\opencv3.1.0-vs2010-tbb\include" /Zi /nologo /W3 /WX- /O2 /Oi /Oy- /GL /D WIN32 /D NDEBUG /D _WINDOWS /D _USRDLL /D MPC_DLL_EXPORTS /D _WINDLL /D _UNICODE /D UNICODE /Gm- /EHsc /MD /GS /Gy /fp:precise /Zc:wchar_t /Zc:forScope /Yu"StdAfx.h" /Fp"Release\MPC_dll.pch" /Fo"Release\\" /Fd"Release\vc100.pdb" /Gd /TP /analyze- /errorReport:prompt dllmain.cpp MPC.cpp MPC_dll.cpp
         dllmain.cpp
         MPC.cpp
     1>C:\opencv3.1.0-vs2010-tbb\include\opencv2/core/mat.hpp(1965): warning C4819: The file contains a character that cannot be represented in the current code page (936). Save the file in Unicode format to prevent data loss
     1>C:\opencv3.1.0-vs2010-tbb\include\opencv2/core/persistence.hpp : warning C4819: The file contains a character that cannot be represented in the current code page (936). Save the file in Unicode format to prevent data loss
     1>C:\opencv3.1.0-vs2010-tbb\include\opencv2/core/mat.hpp(1965): warning C4819: The file contains a character that cannot be represented in the current code page (936). Save the file in Unicode format to prevent data loss
     1>C:\opencv3.1.0-vs2010-tbb\include\opencv2/core/utility.hpp : warning C4819: The file contains a character that cannot be represented in the current code page (936). Save the file in Unicode format to prevent data loss
     1>C:\opencv3.1.0-vs2010-tbb\include\opencv2/core/utility.hpp : warning C4819: The file contains a character that cannot be represented in the current code page (936). Save the file in Unicode format to prevent data loss
     1>MPC.cpp(108): warning C4018: '>=' : signed/unsigned mismatch
         MPC_dll.cpp
     1>C:\opencv3.1.0-vs2010-tbb\include\opencv2/core/mat.hpp(1965): warning C4819: The file contains a character that cannot be represented in the current code page (936). Save the file in Unicode format to prevent data loss
     1>C:\opencv3.1.0-vs2010-tbb\include\opencv2/core/persistence.hpp : warning C4819: The file contains a character that cannot be represented in the current code page (936). Save the file in Unicode format to prevent data loss
     1>C:\opencv3.1.0-vs2010-tbb\include\opencv2/core/mat.hpp(1965): warning C4819: The file contains a character that cannot be represented in the current code page (936). Save the file in Unicode format to prevent data loss
     1>C:\opencv3.1.0-vs2010-tbb\include\opencv2/core/utility.hpp : warning C4819: The file contains a character that cannot be represented in the current code page (936). Save the file in Unicode format to prevent data loss
     1>C:\opencv3.1.0-vs2010-tbb\include\opencv2/core/utility.hpp : warning C4819: The file contains a character that cannot be represented in the current code page (936). Save the file in Unicode format to prevent data loss
       Link:
         C:\Program Files (x86)\Microsoft Visual Studio 10.0\VC\bin\link.exe /ERRORREPORT:PROMPT /OUT:"E:\TrackingUsingOpenCV3_cymtest_with_bkg_subtraction_and_prediction_2\MPC_dll_4\Release\MPC_dll.dll" /INCREMENTAL:NO /NOLOGO /LIBPATH:"C:\opencv3.1.0-vs2010-tbb\x86\vc10\lib" opencv_calib3d310.lib opencv_core310.lib opencv_features2d310.lib opencv_flann310.lib opencv_highgui310.lib opencv_imgcodecs310.lib opencv_imgproc310.lib opencv_ml310.lib opencv_shape310.lib opencv_photo310.lib opencv_stitching310.lib opencv_superres310.lib opencv_ts310.lib opencv_videoio310.lib opencv_video310.lib opencv_videostab310.lib kernel32.lib user32.lib gdi32.lib winspool.lib comdlg32.lib advapi32.lib shell32.lib ole32.lib oleaut32.lib uuid.lib odbc32.lib odbccp32.lib /MANIFEST /ManifestFile:"Release\MPC_dll.dll.intermediate.manifest" /MANIFESTUAC:"level='asInvoker' uiAccess='false'" /DEBUG /PDB:"E:\TrackingUsingOpenCV3_cymtest_with_bkg_subtraction_and_prediction_2\MPC_dll_4\Release\MPC_dll.pdb" /SUBSYSTEM:WINDOWS /OPT:REF /OPT:ICF /LTCG /TLBID:1 /DYNAMICBASE /NXCOMPAT /IMPLIB:"E:\TrackingUsingOpenCV3_cymtest_with_bkg_subtraction_and_prediction_2\MPC_dll_4\Release\MPC_dll.lib" /MACHINE:X86 /DLL Release\dllmain.obj
         Release\MPC.obj
         Release\MPC_dll.obj
         Release\stdafx.obj
            Creating library E:\TrackingUsingOpenCV3_cymtest_with_bkg_subtraction_and_prediction_2\MPC_dll_4\Release\MPC_dll.lib and object E:\TrackingUsingOpenCV3_cymtest_with_bkg_subtraction_and_prediction_2\MPC_dll_4\Release\MPC_dll.exp
         Generating code
     1>e:\trackingusingopencv3_cymtest_with_bkg_subtraction_and_prediction_2\mpc_dll_4\mpc_dll\mpc_dll.cpp(181): warning C4715: 'MPC_dll' : not all control paths return a value
         Finished generating code
         MPC_dll.vcxproj -> E:\TrackingUsingOpenCV3_cymtest_with_bkg_subtraction_and_prediction_2\MPC_dll_4\Release\MPC_dll.dll
       Manifest:
         C:\Program Files (x86)\Microsoft SDKs\Windows\v7.0A\bin\mt.exe /nologo /verbose /outputresource:"E:\TrackingUsingOpenCV3_cymtest_with_bkg_subtraction_and_prediction_2\MPC_dll_4\Release\MPC_dll.dll;#2" /manifest Release\MPC_dll.dll.intermediate.manifest
       FinalizeBuildStatus:
         Deleting file "Release\MPC_dll.unsuccessfulbuild".
         Touching "Release\MPC_dll.lastbuildstate".
     1>Done Building Project "E:\TrackingUsingOpenCV3_cymtest_with_bkg_subtraction_and_prediction_2\MPC_dll_4\MPC_dll\MPC_dll.vcxproj" (build target(s)).

Build succeeded.

Time Elapsed 00:00:01.99
