  stdafx.cpp
  dllmain.cpp
  find_fish_position_dll.cpp
f:\trackingusingopencv3_with_bkg_subtr_and_pred_and_temp_matching\fish tracking dll vc17 opencv3_4\fish tracking dll vc17 opencv3_4\find_fish_position_dll.cpp(352): warning C4244: “初始化”: 从“double”转换到“int”，可能丢失数据
f:\trackingusingopencv3_with_bkg_subtr_and_pred_and_temp_matching\fish tracking dll vc17 opencv3_4\fish tracking dll vc17 opencv3_4\find_fish_position_dll.cpp(398): warning C4244: “=”: 从“double”转换到“float”，可能丢失数据
f:\trackingusingopencv3_with_bkg_subtr_and_pred_and_temp_matching\fish tracking dll vc17 opencv3_4\fish tracking dll vc17 opencv3_4\find_fish_position_dll.cpp(399): warning C4244: “=”: 从“double”转换到“float”，可能丢失数据
f:\trackingusingopencv3_with_bkg_subtr_and_pred_and_temp_matching\fish tracking dll vc17 opencv3_4\fish tracking dll vc17 opencv3_4\find_fish_position_dll.cpp(402): warning C4244: “=”: 从“float”转换到“_Tp”，可能丢失数据
          with
          [
              _Tp=int
          ]
f:\trackingusingopencv3_with_bkg_subtr_and_pred_and_temp_matching\fish tracking dll vc17 opencv3_4\fish tracking dll vc17 opencv3_4\find_fish_position_dll.cpp(403): warning C4244: “=”: 从“float”转换到“_Tp”，可能丢失数据
          with
          [
              _Tp=int
          ]
f:\trackingusingopencv3_with_bkg_subtr_and_pred_and_temp_matching\fish tracking dll vc17 opencv3_4\fish tracking dll vc17 opencv3_4\find_fish_position_dll.cpp(448): warning C4244: “参数”: 从“float”转换到“_Tp”，可能丢失数据
          with
          [
              _Tp=int
          ]
f:\trackingusingopencv3_with_bkg_subtr_and_pred_and_temp_matching\fish tracking dll vc17 opencv3_4\fish tracking dll vc17 opencv3_4\find_fish_position_dll.cpp(511): warning C4244: “=”: 从“double”转换到“_Tp”，可能丢失数据
          with
          [
              _Tp=int
          ]
f:\trackingusingopencv3_with_bkg_subtr_and_pred_and_temp_matching\fish tracking dll vc17 opencv3_4\fish tracking dll vc17 opencv3_4\find_fish_position_dll.cpp(512): warning C4244: “=”: 从“double”转换到“_Tp”，可能丢失数据
          with
          [
              _Tp=int
          ]
f:\trackingusingopencv3_with_bkg_subtr_and_pred_and_temp_matching\fish tracking dll vc17 opencv3_4\fish tracking dll vc17 opencv3_4\find_fish_position_dll.cpp(576): warning C4267: “=”: 从“size_t”转换到“int”，可能丢失数据
f:\trackingusingopencv3_with_bkg_subtr_and_pred_and_temp_matching\fish tracking dll vc17 opencv3_4\fish tracking dll vc17 opencv3_4\find_fish_position_dll.cpp(612): warning C4244: “=”: 从“float”转换到“int”，可能丢失数据
f:\trackingusingopencv3_with_bkg_subtr_and_pred_and_temp_matching\fish tracking dll vc17 opencv3_4\fish tracking dll vc17 opencv3_4\find_fish_position_dll.cpp(613): warning C4244: “=”: 从“float”转换到“int”，可能丢失数据
    正在创建库 F:\TrackingUsingOpenCV3_with_bkg_subtr_and_pred_and_temp_matching\fish tracking dll vc17 opencv3_4\x64\Release\fish tracking dll vc17 opencv3_4.lib 和对象 F:\TrackingUsingOpenCV3_with_bkg_subtr_and_pred_and_temp_matching\fish tracking dll vc17 opencv3_4\x64\Release\fish tracking dll vc17 opencv3_4.exp
  正在生成代码
  All 668 functions were compiled because no usable IPDB/IOBJ from previous compilation was found.
  已完成代码的生成
  fish tracking dll vc17 opencv3_4.vcxproj -> F:\TrackingUsingOpenCV3_with_bkg_subtr_and_pred_and_temp_matching\fish tracking dll vc17 opencv3_4\x64\Release\fish tracking dll vc17 opencv3_4.dll
